<?xml version="1.0" encoding="UTF-8"?>
<testsuite xmlns:xsi="http://www.w3.org/2001/XMLSchema-instance" xsi:noNamespaceSchemaLocation="https://maven.apache.org/surefire/maven-surefire-plugin/xsd/surefire-test-report.xsd" name="com.laxtech.extn.calc110.Calculator110OperationsTestCase" time="64.766" tests="2" errors="0" skipped="0" failures="0">
  <properties>
[...]
</properties>
  <testcase name="executeRetrieveInfoOperation" classname="com.laxtech.extn.calc110.Calculator110OperationsTestCase" time="18.453"/>
  <testcase name="executeSayHiOperation" classname="com.laxtech.extn.calc110.Calculator110OperationsTestCase" time="6.969"/>
</testsuite>